#
# There is insufficient memory for the Java Runtime Environment to continue.
# Native memory allocation (mmap) failed to map 134217728 bytes for Failed to commit area from 0x0000000081e00000 to 0x0000000089e00000 of length 134217728.
# Possible reasons:
#   The system is out of physical RAM or swap space
#   The process is running with CompressedOops enabled, and the Java Heap may be blocking the growth of the native heap
# Possible solutions:
#   Reduce memory load on the system
#   Increase physical memory or swap space
#   Check if swap backing store is full
#   Decrease Java heap size (-Xmx/-Xms)
#   Decrease number of Java threads
#   Decrease Java thread stack sizes (-Xss)
#   Set larger code cache with -XX:ReservedCodeCacheSize=
# This output file may be truncated or incomplete.
#
#  Out of Memory Error (t:/workspace/open/src/hotspot/os/windows/os_windows.cpp:3271), pid=4412, tid=2464
#
# JRE version:  (11.0.6+8) (build )
# Java VM: Java HotSpot(TM) 64-Bit Server VM (11.0.6+8-LTS, mixed mode, sharing, tiered, compressed oops, g1 gc, windows-amd64)
# No core dump will be written. Minidumps are not enabled by default on client versions of Windows
#

---------------  S U M M A R Y ------------

Command Line: -Dcom.sun.management.jmxremote -Dcom.sun.management.jmxremote.port=60432 -Dcom.sun.management.jmxremote.authenticate=false -Dcom.sun.management.jmxremote.ssl=false -Djava.rmi.server.hostname=localhost -Dspring.jmx.enabled=true -Dspring.application.admin.enabled=true -Xverify:none -XX:TieredStopAtLevel=1 -Dspring.boot.project.name=CadastroCambioBackendJwt -Dfile.encoding=UTF-8 com.naicson.cambio.CambioApplication --spring.output.ansi.enabled=always

Host: Intel(R) Core(TM) i5-3470 CPU @ 3.20GHz, 4 cores, 7G,  Windows 10 , 64 bit Build 18362 (10.0.18362.1082)
Time: Sat Sep 19 12:27:20 2020 Hora oficial do Brasil elapsed time: 0 seconds (0d 0h 0m 0s)

---------------  T H R E A D  ---------------

Current thread (0x0000022516fee000):  JavaThread "Unknown thread" [_thread_in_vm, id=2464, stack(0x0000007f8be00000,0x0000007f8bf00000)]

Stack: [0x0000007f8be00000,0x0000007f8bf00000]
Native frames: (J=compiled Java code, j=interpreted, Vv=VM code, C=native code)
V  [jvm.dll+0x63679a]
V  [jvm.dll+0x7755bf]
V  [jvm.dll+0x776c65]
V  [jvm.dll+0x7772d3]
V  [jvm.dll+0x25e7f8]
V  [jvm.dll+0x633c4a]
V  [jvm.dll+0x628625]
V  [jvm.dll+0x314a7c]
V  [jvm.dll+0x314902]
V  [jvm.dll+0x31a176]
V  [jvm.dll+0x36650f]
V  [jvm.dll+0x365f30]
V  [jvm.dll+0x2f1a78]
V  [jvm.dll+0x2f2bf6]
V  [jvm.dll+0x74e707]
V  [jvm.dll+0x74fe7f]
V  [jvm.dll+0x373349]
V  [jvm.dll+0x734e5e]
V  [jvm.dll+0x3e2b5d]
V  [jvm.dll+0x3e4ef1]
C  [javaw.exe+0x3617]
C  [javaw.exe+0x17e2c]
C  [KERNEL32.DLL+0x17bd4]
C  [ntdll.dll+0x6ce51]


---------------  P R O C E S S  ---------------

Threads class SMR info:
_java_thread_list=0x0000022514d4ce90, length=0, elements={
}

Java Threads: ( => current thread )

Other Threads:
  0x0000022517006000 GCTaskThread "GC Thread#0" [stack: 0x0000007f8bf00000,0x0000007f8c000000] [id=18756]
  0x0000022517036800 ConcurrentGCThread "G1 Main Marker" [stack: 0x0000007f8c000000,0x0000007f8c100000] [id=18300]
  0x0000022517039800 ConcurrentGCThread "G1 Conc#0" [stack: 0x0000007f8c100000,0x0000007f8c200000] [id=8568]

[error occurred during error reporting (printing all threads), id 0xc0000005, EXCEPTION_ACCESS_VIOLATION (0xc0000005) at pc=0x00007ffcce7b0207]

VM state:not at safepoint (not fully initialized)

VM Mutex/Monitor currently owned by a thread:  ([mutex/lock_event])
[0x0000022516febd60] Heap_lock - owner thread: 0x0000022516fee000

Heap address: 0x0000000081e00000, size: 2018 MB, Compressed Oops mode: Non-zero based: 0x0000000081e00000
Narrow klass base: 0x0000000000000000, Narrow klass shift: 0

GC Heap History (0 events):
No events

Deoptimization events (0 events):
No events

Classes redefined (0 events):
No events

Internal exceptions (0 events):
No events

Events (0 events):
No events


Dynamic libraries:
0x00007ff7edcd0000 - 0x00007ff7edd17000 	C:\Program Files\Java\jdk-11.0.6\bin\javaw.exe
0x00007ffd1f020000 - 0x00007ffd1f210000 	C:\Windows\SYSTEM32\ntdll.dll
0x00007ffd1ed50000 - 0x00007ffd1ee02000 	C:\Windows\System32\KERNEL32.DLL
0x00007ffd1c180000 - 0x00007ffd1c425000 	C:\Windows\System32\KERNELBASE.dll
0x00007ffd1e9d0000 - 0x00007ffd1ea73000 	C:\Windows\System32\ADVAPI32.dll
0x00007ffd1ee70000 - 0x00007ffd1ef0e000 	C:\Windows\System32\msvcrt.dll
0x00007ffd1d280000 - 0x00007ffd1d317000 	C:\Windows\System32\sechost.dll
0x00007ffd1e610000 - 0x00007ffd1e730000 	C:\Windows\System32\RPCRT4.dll
0x00007ffd1ebb0000 - 0x00007ffd1ed45000 	C:\Windows\System32\USER32.dll
0x00007ffd1d080000 - 0x00007ffd1d0a1000 	C:\Windows\System32\win32u.dll
0x00007ffd1d1a0000 - 0x00007ffd1d1c6000 	C:\Windows\System32\GDI32.dll
0x00007ffd1c430000 - 0x00007ffd1c5c6000 	C:\Windows\System32\gdi32full.dll
0x00007ffd1c730000 - 0x00007ffd1c7ce000 	C:\Windows\System32\msvcp_win.dll
0x00007ffd1cf50000 - 0x00007ffd1d04a000 	C:\Windows\System32\ucrtbase.dll
0x00007ffd054e0000 - 0x00007ffd05764000 	C:\Windows\WinSxS\amd64_microsoft.windows.common-controls_6595b64144ccf1df_6.0.18362.1082_none_9e8193e1e45b25c1\COMCTL32.dll
0x00007ffd1e2d0000 - 0x00007ffd1e605000 	C:\Windows\System32\combase.dll
0x00007ffd1bfb0000 - 0x00007ffd1c030000 	C:\Windows\System32\bcryptPrimitives.dll
0x00007ffd0f9c0000 - 0x00007ffd0f9ca000 	C:\Windows\SYSTEM32\VERSION.dll
0x00007ffd1d250000 - 0x00007ffd1d27e000 	C:\Windows\System32\IMM32.DLL
0x00007ffd062b0000 - 0x00007ffd062c6000 	C:\Program Files\Java\jdk-11.0.6\bin\vcruntime140.dll
0x00007ffcf9810000 - 0x00007ffcf98ba000 	C:\Program Files\Java\jdk-11.0.6\bin\msvcp140.dll
0x00007ffcce4b0000 - 0x00007ffccefd9000 	C:\Program Files\Java\jdk-11.0.6\bin\server\jvm.dll
0x00007ffd1e190000 - 0x00007ffd1e198000 	C:\Windows\System32\PSAPI.DLL
0x00007ffd0bba0000 - 0x00007ffd0bba9000 	C:\Windows\SYSTEM32\WSOCK32.dll
0x00007ffd1e120000 - 0x00007ffd1e18f000 	C:\Windows\System32\WS2_32.dll
0x00007ffd199d0000 - 0x00007ffd199f4000 	C:\Windows\SYSTEM32\WINMM.dll
0x00007ffd199a0000 - 0x00007ffd199cd000 	C:\Windows\SYSTEM32\WINMMBASE.dll
0x00007ffd1c6e0000 - 0x00007ffd1c72a000 	C:\Windows\System32\cfgmgr32.dll
0x00007ffd1bef0000 - 0x00007ffd1bf01000 	C:\Windows\System32\kernel.appcore.dll
0x00007ffd14ba0000 - 0x00007ffd14bb1000 	C:\Program Files\Java\jdk-11.0.6\bin\verify.dll
0x00007ffd0df40000 - 0x00007ffd0e134000 	C:\Windows\SYSTEM32\DBGHELP.DLL
0x00007ffd0d490000 - 0x00007ffd0d4ba000 	C:\Windows\SYSTEM32\dbgcore.DLL
0x00007ffcff960000 - 0x00007ffcff989000 	C:\Program Files\Java\jdk-11.0.6\bin\java.dll
0x00007ffd0d670000 - 0x00007ffd0d686000 	C:\Program Files\Java\jdk-11.0.6\bin\zip.dll
0x00007ffd18760000 - 0x00007ffd1876a000 	C:\Program Files\Java\jdk-11.0.6\bin\jimage.dll

dbghelp: loaded successfully - version: 4.0.5 - missing functions: none
symbol engine: initialized successfully - sym options: 0x614 - pdb path: .;C:\Program Files\Java\jdk-11.0.6\bin;C:\Windows\SYSTEM32;C:\Windows\WinSxS\amd64_microsoft.windows.common-controls_6595b64144ccf1df_6.0.18362.1082_none_9e8193e1e45b25c1;C:\Program Files\Java\jdk-11.0.6\bin\server

VM Arguments:
jvm_args: -Dcom.sun.management.jmxremote -Dcom.sun.management.jmxremote.port=60432 -Dcom.sun.management.jmxremote.authenticate=false -Dcom.sun.management.jmxremote.ssl=false -Djava.rmi.server.hostname=localhost -Dspring.jmx.enabled=true -Dspring.application.admin.enabled=true -Xverify:none -XX:TieredStopAtLevel=1 -Dspring.boot.project.name=CadastroCambioBackendJwt -Dfile.encoding=UTF-8 
java_command: com.naicson.cambio.CambioApplication --spring.output.ansi.enabled=always
java_class_path (initial): C:\Users\User\Documents\workspace-spring-tool-suite-4-4.6.1.RELEASE\Spring-Angular Cadastro Cambio\CadastroCambioBackendJwt\target\classes;C:\Users\User\.m2\repository\org\springframework\boot\spring-boot-starter-security\2.1.16.BUILD-SNAPSHOT\spring-boot-starter-security-2.1.16.BUILD-SNAPSHOT.jar;C:\Users\User\.m2\repository\org\springframework\boot\spring-boot-starter\2.1.16.BUILD-SNAPSHOT\spring-boot-starter-2.1.16.BUILD-SNAPSHOT.jar;C:\Users\User\.m2\repository\org\springframework\boot\spring-boot\2.1.16.BUILD-SNAPSHOT\spring-boot-2.1.16.BUILD-SNAPSHOT.jar;C:\Users\User\.m2\repository\org\springframework\boot\spring-boot-autoconfigure\2.1.16.BUILD-SNAPSHOT\spring-boot-autoconfigure-2.1.16.BUILD-SNAPSHOT.jar;C:\Users\User\.m2\repository\org\springframework\boot\spring-boot-starter-logging\2.1.16.BUILD-SNAPSHOT\spring-boot-starter-logging-2.1.16.BUILD-SNAPSHOT.jar;C:\Users\User\.m2\repository\ch\qos\logback\logback-classic\1.2.3\logback-classic-1.2.3.jar;C:\Users\User\.m2\repository\ch\qos\logback\logback-core\1.2.3\logback-core-1.2.3.jar;C:\Users\User\.m2\repository\org\apache\logging\log4j\log4j-to-slf4j\2.11.2\log4j-to-slf4j-2.11.2.jar;C:\Users\User\.m2\repository\org\apache\logging\log4j\log4j-api\2.11.2\log4j-api-2.11.2.jar;C:\Users\User\.m2\repository\org\slf4j\jul-to-slf4j\1.7.30\jul-to-slf4j-1.7.30.jar;C:\Users\User\.m2\repository\javax\annotation\javax.annotation-api\1.3.2\javax.annotation-api-1.3.2.jar;C:\Users\User\.m2\repository\org\yaml\snakeyaml\1.23\snakeyaml-1.23.jar;C:\Users\User\.m2\repository\org\springframework\spring-aop\5.1.17.BUILD-SNAPSHOT\spring-aop-5.1.17.BUILD-SNAPSHOT.jar;C:\Users\User\.m2\repository\org\springframework\spring-beans\5.1.17.BUILD-SNAPSHOT\spring-beans-5.1.17.BUILD-SNAPSHOT.jar;C:\Users\User\.m2\repository\org\springframework\security\spring-security-config\5.1.11.RELEASE\spring-security-config-5.1.11.RELEASE.jar;C:\Users\User\.m2\repository\org\springframework\spring-context\5.1.17.BUILD-SNAP
Launcher Type: SUN_STANDARD

[Global flags]
     bool BytecodeVerificationLocal                = false                                     {product} {command line}
     bool BytecodeVerificationRemote               = false                                     {product} {command line}
     intx CICompilerCount                          = 3                                         {product} {ergonomic}
     uint ConcGCThreads                            = 1                                         {product} {ergonomic}
     uint G1ConcRefinementThreads                  = 4                                         {product} {ergonomic}
   size_t G1HeapRegionSize                         = 1048576                                   {product} {ergonomic}
    uintx GCDrainStackTargetSize                   = 64                                        {product} {ergonomic}
   size_t InitialHeapSize                          = 134217728                                 {product} {ergonomic}
     bool ManagementServer                         = true                                      {product} {command line}
   size_t MarkStackSize                            = 4194304                                   {product} {ergonomic}
   size_t MaxHeapSize                              = 2116026368                                {product} {ergonomic}
   size_t MinHeapDeltaBytes                        = 1048576                                   {product} {ergonomic}
    uintx NonNMethodCodeHeapSize                   = 6973028                                {pd product} {ergonomic}
    uintx NonProfiledCodeHeapSize                  = 244685212                              {pd product} {ergonomic}
    uintx ProfiledCodeHeapSize                     = 0                                      {pd product} {ergonomic}
    uintx ReservedCodeCacheSize                    = 251658240                              {pd product} {ergonomic}
     bool SegmentedCodeCache                       = true                                      {product} {ergonomic}
     intx TieredStopAtLevel                        = 1                                         {product} {command line}
     bool UseCompressedClassPointers               = true                                 {lp64_product} {ergonomic}
     bool UseCompressedOops                        = true                                 {lp64_product} {ergonomic}
     bool UseG1GC                                  = true                                      {product} {ergonomic}
     bool UseLargePagesIndividualAllocation        = false                                  {pd product} {ergonomic}

Logging:
Log output configuration:
 #0: stdout all=warning uptime,level,tags
 #1: stderr all=off uptime,level,tags

Environment Variables:
JAVA_HOME=C:\Program Files\Java\jdk-11.0.6
PATH=C:/Program Files/Java/jdk-11.0.6/bin/server;C:/Program Files/Java/jdk-11.0.6/bin;C:\Windows\system32;C:\Windows;C:\Windows\System32\Wbem;C:\Windows\System32\WindowsPowerShell\v1.0\;C:\Windows\System32\OpenSSH\;C:\Program Files\Git\cmd;C:\Program Files\Java\jdk-11.0.6\bin;C:\Program Files\nodejs\;C:\Users\User\Documents\mongodb-win32-x86_64-2008plus-ssl-3.6.18\bin;C:\Users\User\Documents\Dev JavaEE\apache-maven-3.6.3\bin;C:\Program Files\MySQL\MySQL Shell 8.0\bin\;C:\Users\User\AppData\Local\Microsoft\WindowsApps;;C:\Users\User\AppData\Local\Programs\Microsoft VS Code\bin;C:\Users\User\AppData\Roaming\npm;C:\Users\User\Documents\sts-4.6.1.RELEASE;
USERNAME=User
OS=Windows_NT
PROCESSOR_IDENTIFIER=Intel64 Family 6 Model 58 Stepping 9, GenuineIntel



---------------  S Y S T E M  ---------------

OS: Windows 10 , 64 bit Build 18362 (10.0.18362.1082)

CPU:total 4 (initial active 4) (4 cores per cpu, 1 threads per core) family 6 model 58 stepping 9, cmov, cx8, fxsr, mmx, sse, sse2, sse3, ssse3, sse4.1, sse4.2, popcnt, avx, aes, clmul, erms, tsc, tscinvbit, tscinv

Memory: 4k page, system-wide physical 8071M (1505M free)
TotalPageFile size 32647M (AvailPageFile size 110M)
current process WorkingSet (physical memory assigned to process): 9M, peak: 9M
current process commit charge ("private bytes"): 49M, peak: 177M

vm_info: Java HotSpot(TM) 64-Bit Server VM (11.0.6+8-LTS) for windows-amd64 JRE (11.0.6+8-LTS), built on Dec 11 2019 09:17:57 by "mach5one" with MS VC++ 15.5 (VS2017)

END.
